[ActionDispatch::HostAuthorization::DefaultResponseApp] Blocked hosts: a51074c256874d22827cd83f6a49625d.vfs.cloud9.us-east-1.amazonaws.com
[ActionDispatch::HostAuthorization::DefaultResponseApp] Blocked hosts: a51074c256874d22827cd83f6a49625d.vfs.cloud9.us-east-1.amazonaws.com
[ActionDispatch::HostAuthorization::DefaultResponseApp] Blocked hosts: a51074c256874d22827cd83f6a49625d.vfs.cloud9.us-east-1.amazonaws.com
[ActionDispatch::HostAuthorization::DefaultResponseApp] Blocked hosts: a51074c256874d22827cd83f6a49625d.vfs.cloud9.us-east-1.amazonaws.com
Started GET "/" for 146.111.194.4 at 2023-12-19 18:34:21 +0000
Cannot render console from 146.111.194.4! Allowed networks: 127.0.0.0/127.255.255.255, ::1
  [1m[35m (1.9ms)[0m  [1m[35mCREATE TABLE "schema_migrations" ("version" varchar NOT NULL PRIMARY KEY)[0m
  [1m[35m (0.2ms)[0m  [1m[35mCREATE TABLE "ar_internal_metadata" ("key" varchar NOT NULL PRIMARY KEY, "value" varchar, "created_at" datetime(6) NOT NULL, "updated_at" datetime(6) NOT NULL)[0m
  [1m[36mActiveRecord::SchemaMigration Load (0.2ms)[0m  [1m[34mSELECT "schema_migrations"."version" FROM "schema_migrations" ORDER BY "schema_migrations"."version" ASC[0m
  
ActiveRecord::PendingMigrationError (

Migrations are pending. To resolve this issue, run:

        bin/rails db:migrate

You have 1 pending migration:

db/migrate/20231219182247_create_country_data_finals.rb


):
  
activerecord (7.1.2) lib/active_record/migration.rb:754:in `check_pending_migrations'
activerecord (7.1.2) lib/active_record/migration.rb:643:in `block (2 levels) in call'
activesupport (7.1.2) lib/active_support/file_update_checker.rb:85:in `execute'
activerecord (7.1.2) lib/active_record/migration.rb:648:in `block in call'
activerecord (7.1.2) lib/active_record/migration.rb:640:in `synchronize'
activerecord (7.1.2) lib/active_record/migration.rb:640:in `call'
actionpack (7.1.2) lib/action_dispatch/middleware/callbacks.rb:29:in `block in call'
activesupport (7.1.2) lib/active_support/callbacks.rb:101:in `run_callbacks'
actionpack (7.1.2) lib/action_dispatch/middleware/callbacks.rb:28:in `call'
actionpack (7.1.2) lib/action_dispatch/middleware/executor.rb:14:in `call'
actionpack (7.1.2) lib/action_dispatch/middleware/actionable_exceptions.rb:16:in `call'
actionpack (7.1.2) lib/action_dispatch/middleware/debug_exceptions.rb:29:in `call'
web-console (4.2.1) lib/web_console/middleware.rb:132:in `call_app'
web-console (4.2.1) lib/web_console/middleware.rb:19:in `block in call'
web-console (4.2.1) lib/web_console/middleware.rb:17:in `catch'
web-console (4.2.1) lib/web_console/middleware.rb:17:in `call'
actionpack (7.1.2) lib/action_dispatch/middleware/show_exceptions.rb:31:in `call'
railties (7.1.2) lib/rails/rack/logger.rb:37:in `call_app'
railties (7.1.2) lib/rails/rack/logger.rb:24:in `block in call'
activesupport (7.1.2) lib/active_support/tagged_logging.rb:135:in `block in tagged'
activesupport (7.1.2) lib/active_support/tagged_logging.rb:39:in `tagged'
activesupport (7.1.2) lib/active_support/tagged_logging.rb:135:in `tagged'
activesupport (7.1.2) lib/active_support/broadcast_logger.rb:240:in `method_missing'
railties (7.1.2) lib/rails/rack/logger.rb:24:in `call'
sprockets-rails (3.4.2) lib/sprockets/rails/quiet_assets.rb:13:in `call'
actionpack (7.1.2) lib/action_dispatch/middleware/remote_ip.rb:92:in `call'
actionpack (7.1.2) lib/action_dispatch/middleware/request_id.rb:28:in `call'
rack (3.0.8) lib/rack/method_override.rb:28:in `call'
rack (3.0.8) lib/rack/runtime.rb:24:in `call'
activesupport (7.1.2) lib/active_support/cache/strategy/local_cache_middleware.rb:29:in `call'
actionpack (7.1.2) lib/action_dispatch/middleware/server_timing.rb:59:in `block in call'
actionpack (7.1.2) lib/action_dispatch/middleware/server_timing.rb:24:in `collect_events'
actionpack (7.1.2) lib/action_dispatch/middleware/server_timing.rb:58:in `call'
actionpack (7.1.2) lib/action_dispatch/middleware/executor.rb:14:in `call'
actionpack (7.1.2) lib/action_dispatch/middleware/static.rb:25:in `call'
rack (3.0.8) lib/rack/sendfile.rb:114:in `call'
actionpack (7.1.2) lib/action_dispatch/middleware/host_authorization.rb:141:in `call'
railties (7.1.2) lib/rails/engine.rb:529:in `call'
puma (6.4.0) lib/puma/configuration.rb:272:in `call'
puma (6.4.0) lib/puma/request.rb:100:in `block in handle_request'
puma (6.4.0) lib/puma/thread_pool.rb:378:in `with_force_shutdown'
puma (6.4.0) lib/puma/request.rb:99:in `handle_request'
puma (6.4.0) lib/puma/server.rb:443:in `process_client'
puma (6.4.0) lib/puma/server.rb:241:in `block in run'
puma (6.4.0) lib/puma/thread_pool.rb:155:in `block in spawn_thread'
  [1m[36mActiveRecord::InternalMetadata Load (0.2ms)[0m  [1m[34mSELECT * FROM "ar_internal_metadata" WHERE "ar_internal_metadata"."key" = ? ORDER BY "ar_internal_metadata"."key" ASC LIMIT 1[0m  [[nil, "environment"]]
  [1m[36mActiveRecord::InternalMetadata Create (5.1ms)[0m  [1m[32mINSERT INTO "ar_internal_metadata" ("key", "value", "created_at", "updated_at") VALUES ('environment', 'development', '2023-12-19 18:35:05.204671', '2023-12-19 18:35:05.204677') RETURNING "key"[0m
  [1m[36mActiveRecord::SchemaMigration Load (0.1ms)[0m  [1m[34mSELECT "schema_migrations"."version" FROM "schema_migrations" ORDER BY "schema_migrations"."version" ASC[0m
Migrating to CreateCountryDataFinals (20231219182247)
  [1m[36mTRANSACTION (0.1ms)[0m  [1m[36mbegin transaction[0m
  [1m[35m (1.1ms)[0m  [1m[35mCREATE TABLE "country_data_finals" ("id" integer PRIMARY KEY AUTOINCREMENT NOT NULL, "name" text, "mobilephones" float, "mortalityunder5" float, "healthexpenditurepercapita" float, "healthexpenditureppercentgdp" float, "population" float, "populationurban" float, "birthrate" float, "lifeexpectancy" float, "gdp" float, "created_at" datetime(6) NOT NULL, "updated_at" datetime(6) NOT NULL)[0m
  [1m[36mActiveRecord::SchemaMigration Create (0.1ms)[0m  [1m[32mINSERT INTO "schema_migrations" ("version") VALUES ('20231219182247') RETURNING "version"[0m
  [1m[36mTRANSACTION (1.2ms)[0m  [1m[36mcommit transaction[0m
  [1m[36mActiveRecord::SchemaMigration Load (0.1ms)[0m  [1m[34mSELECT "schema_migrations"."version" FROM "schema_migrations" ORDER BY "schema_migrations"."version" ASC[0m
Started GET "/" for 146.111.194.4 at 2023-12-19 18:35:08 +0000
Cannot render console from 146.111.194.4! Allowed networks: 127.0.0.0/127.255.255.255, ::1
  [1m[36mActiveRecord::SchemaMigration Load (0.1ms)[0m  [1m[34mSELECT "schema_migrations"."version" FROM "schema_migrations" ORDER BY "schema_migrations"."version" ASC[0m
Processing by Rails::WelcomeController#index as HTML
  Rendering /home/ec2-user/.rvm/gems/ruby-3.2.1/gems/railties-7.1.2/lib/rails/templates/rails/welcome/index.html.erb
  Rendered /home/ec2-user/.rvm/gems/ruby-3.2.1/gems/railties-7.1.2/lib/rails/templates/rails/welcome/index.html.erb (Duration: 1.4ms | Allocations: 270)
Completed 200 OK in 15ms (Views: 4.3ms | ActiveRecord: 0.0ms | Allocations: 2596)


Started GET "/" for 146.111.194.4 at 2023-12-19 18:35:17 +0000
Cannot render console from 146.111.194.4! Allowed networks: 127.0.0.0/127.255.255.255, ::1
Processing by Rails::WelcomeController#index as HTML
  Rendering /home/ec2-user/.rvm/gems/ruby-3.2.1/gems/railties-7.1.2/lib/rails/templates/rails/welcome/index.html.erb
  Rendered /home/ec2-user/.rvm/gems/ruby-3.2.1/gems/railties-7.1.2/lib/rails/templates/rails/welcome/index.html.erb (Duration: 0.1ms | Allocations: 13)
Completed 200 OK in 7ms (Views: 6.9ms | ActiveRecord: 0.0ms | Allocations: 209)


Started GET "/country_data_finals" for 146.111.194.4 at 2023-12-19 18:35:48 +0000
Cannot render console from 146.111.194.4! Allowed networks: 127.0.0.0/127.255.255.255, ::1
Processing by CountryDataFinalsController#index as HTML
  Rendering layout layouts/application.html.erb
  Rendering country_data_finals/index.html.erb within layouts/application
  [1m[36mCountryDataFinal Load (0.1ms)[0m  [1m[34mSELECT "country_data_finals".* FROM "country_data_finals"[0m
  ↳ app/views/country_data_finals/index.html.erb:6
  Rendered country_data_finals/index.html.erb within layouts/application (Duration: 14.0ms | Allocations: 1532)
  Rendered layout layouts/application.html.erb (Duration: 1216.3ms | Allocations: 96338)
Completed 200 OK in 1274ms (Views: 1223.6ms | ActiveRecord: 1.6ms | Allocations: 106304)


Started GET "/country_data_finals/new" for 146.111.194.4 at 2023-12-19 18:35:59 +0000
Cannot render console from 146.111.194.4! Allowed networks: 127.0.0.0/127.255.255.255, ::1
Processing by CountryDataFinalsController#new as HTML
  Rendering layout layouts/application.html.erb
  Rendering country_data_finals/new.html.erb within layouts/application
  Rendered country_data_finals/_form.html.erb (Duration: 36.3ms | Allocations: 7158)
  Rendered country_data_finals/new.html.erb within layouts/application (Duration: 38.3ms | Allocations: 7445)
  Rendered layout layouts/application.html.erb (Duration: 45.7ms | Allocations: 9419)
Completed 200 OK in 99ms (Views: 48.2ms | ActiveRecord: 0.6ms | Allocations: 28414)


Started GET "/country_data_finals" for 146.111.194.4 at 2023-12-19 18:36:05 +0000
Cannot render console from 146.111.194.4! Allowed networks: 127.0.0.0/127.255.255.255, ::1
Processing by CountryDataFinalsController#index as HTML
  Rendering layout layouts/application.html.erb
  Rendering country_data_finals/index.html.erb within layouts/application
  [1m[36mCountryDataFinal Load (0.1ms)[0m  [1m[34mSELECT "country_data_finals".* FROM "country_data_finals"[0m
  ↳ app/views/country_data_finals/index.html.erb:6
  Rendered country_data_finals/index.html.erb within layouts/application (Duration: 3.1ms | Allocations: 651)
  Rendered layout layouts/application.html.erb (Duration: 8.7ms | Allocations: 2597)
Completed 200 OK in 13ms (Views: 12.9ms | ActiveRecord: 0.1ms | Allocations: 2858)


  [1m[36mActiveRecord::SchemaMigration Load (0.1ms)[0m  [1m[34mSELECT "schema_migrations"."version" FROM "schema_migrations" ORDER BY "schema_migrations"."version" ASC[0m
  [1m[36mTRANSACTION (0.1ms)[0m  [1m[36mbegin transaction[0m
  [1m[36mCountryDataFinal Create (6.0ms)[0m  [1m[32mINSERT INTO "country_data_finals" ("name", "mobilephones", "mortalityunder5", "healthexpenditurepercapita", "healthexpenditureppercentgdp", "population", "populationurban", "birthrate", "lifeexpectancy", "gdp", "created_at", "updated_at") VALUES (?, ?, ?, ?, ?, ?, ?, ?, ?, ?, ?, ?) RETURNING "id"[0m  [["name", "Afghanistan"], ["mobilephones", 0.0], ["mortalityunder5", 150.0], ["healthexpenditurepercapita", 11.0], ["healthexpenditureppercentgdp", 9.0], ["population", 26697430.0], ["populationurban", 5771984.0], ["birthrate", 50.0], ["lifeexpectancy", 46.0], ["gdp", 2461666315.0], ["created_at", "2023-12-19 18:37:23.183380"], ["updated_at", "2023-12-19 18:37:23.183380"]]
  [1m[36mTRANSACTION (5.7ms)[0m  [1m[36mcommit transaction[0m
  [1m[36mTRANSACTION (0.1ms)[0m  [1m[36mbegin transaction[0m
  [1m[36mCountryDataFinal Create (10.3ms)[0m  [1m[32mINSERT INTO "country_data_finals" ("name", "mobilephones", "mortalityunder5", "healthexpenditurepercapita", "healthexpenditureppercentgdp", "population", "populationurban", "birthrate", "lifeexpectancy", "gdp", "created_at", "updated_at") VALUES (?, ?, ?, ?, ?, ?, ?, ?, ?, ?, ?, ?) RETURNING "id"[0m  [["name", "Albania"], ["mobilephones", 29791.0], ["mortalityunder5", 29.0], ["healthexpenditurepercapita", 75.0], ["healthexpenditureppercentgdp", 6.0], ["population", 3071856.0], ["populationurban", 1280964.0], ["birthrate", 17.0], ["lifeexpectancy", 74.0], ["gdp", 3686649387.0], ["created_at", "2023-12-19 18:37:23.210213"], ["updated_at", "2023-12-19 18:37:23.210213"]]
  [1m[36mTRANSACTION (4.1ms)[0m  [1m[36mcommit transaction[0m
  [1m[36mTRANSACTION (0.1ms)[0m  [1m[36mbegin transaction[0m
  [1m[36mCountryDataFinal Create (5.8ms)[0m  [1m[32mINSERT INTO "country_data_finals" ("name", "mobilephones", "mortalityunder5", "healthexpenditurepercapita", "healthexpenditureppercentgdp", "population", "populationurban", "birthrate", "lifeexpectancy", "gdp", "created_at", "updated_at") VALUES (?, ?, ?, ?, ?, ?, ?, ?, ?, ?, ?, ?) RETURNING "id"[0m  [["name", "Algeria"], ["mobilephones", 86000.0], ["mortalityunder5", 49.0], ["healthexpenditurepercapita", 63.0], ["healthexpenditureppercentgdp", 3.0], ["population", 30533827.0], ["populationurban", 18259229.0], ["birthrate", 21.0], ["lifeexpectancy", 70.0], ["gdp", 54790058957.0], ["created_at", "2023-12-19 18:37:23.242666"], ["updated_at", "2023-12-19 18:37:23.242666"]]
  [1m[36mTRANSACTION (3.3ms)[0m  [1m[36mcommit transaction[0m
  [1m[36mTRANSACTION (0.0ms)[0m  [1m[36mbegin transaction[0m
  [1m[36mCountryDataFinal Create (1.0ms)[0m  [1m[32mINSERT INTO "country_data_finals" ("name", "mobilephones", "mortalityunder5", "healthexpenditurepercapita", "healthexpenditureppercentgdp", "population", "populationurban", "birthrate", "lifeexpectancy", "gdp", "created_at", "updated_at") VALUES (?, ?, ?, ?, ?, ?, ?, ?, ?, ?, ?, ?) RETURNING "id"[0m  [["name", "American Samoa"], ["mobilephones", 1992.0], ["mortalityunder5", 0.0], ["healthexpenditurepercapita", 0.0], ["healthexpenditureppercentgdp", 0.0], ["population", 57625.0], ["populationurban", 51171.0], ["birthrate", 0.0], ["lifeexpectancy", 0.0], ["gdp", 0.0], ["created_at", "2023-12-19 18:37:23.255295"], ["updated_at", "2023-12-19 18:37:23.255295"]]
  [1m[36mTRANSACTION (0.1ms)[0m  [1m[36mcommit transaction[0m
  [1m[36mTRANSACTION (0.0ms)[0m  [1m[36mbegin transaction[0m
  [1m[36mCountryDataFinal Create (1.0ms)[0m  [1m[32mINSERT INTO "country_data_finals" ("name", "mobilephones", "mortalityunder5", "healthexpenditurepercapita", "healthexpenditureppercentgdp", "population", "populationurban", "birthrate", "lifeexpectancy", "gdp", "created_at", "updated_at") VALUES (?, ?, ?, ?, ?, ?, ?, ?, ?, ?, ?, ?) RETURNING "id"[0m  [["name", "Andorra"], ["mobilephones", 23543.0], ["mortalityunder5", 5.0], ["healthexpenditurepercapita", 1289.0], ["healthexpenditureppercentgdp", 8.0], ["population", 64634.0], ["populationurban", 59722.0], ["birthrate", 11.0], ["lifeexpectancy", 0.0], ["gdp", 1133644295.0], ["created_at", "2023-12-19 18:37:23.259034"], ["updated_at", "2023-12-19 18:37:23.259034"]]
  [1m[36mTRANSACTION (0.1ms)[0m  [1m[36mcommit transaction[0m
  [1m[36mTRANSACTION (0.1ms)[0m  [1m[36mbegin transaction[0m
  [1m[36mCountryDataFinal Create (3.8ms)[0m  [1m[32mINSERT INTO "country_data_finals" ("name", "mobilephones", "mortalityunder5", "healthexpenditurepercapita", "healthexpenditureppercentgdp", "population", "populationurban", "birthrate", "lifeexpectancy", "gdp", "created_at", "updated_at") VALUES (?, ?, ?, ?, ?, ?, ?, ?, ?, ?, ?, ?) RETURNING "id"[0m  [["name", "Angola"], ["mobilephones", 25806.0], ["mortalityunder5", 200.0], ["healthexpenditurepercapita", 15.0], ["healthexpenditureppercentgdp", 2.0], ["population", 13926373.0], ["populationurban", 6823923.0], ["birthrate", 50.0], ["lifeexpectancy", 46.0], ["gdp", 9129180361.0], ["created_at", "2023-12-19 18:37:23.273041"], ["updated_at", "2023-12-19 18:37:23.273041"]]
  [1m[36mTRANSACTION (3.3ms)[0m  [1m[36mcommit transaction[0m
  [1m[36mTRANSACTION (0.0ms)[0m  [1m[36mbegin transaction[0m
  [1m[36mCountryDataFinal Create (1.0ms)[0m  [1m[32mINSERT INTO "country_data_finals" ("name", "mobilephones", "mortalityunder5", "healthexpenditurepercapita", "healthexpenditureppercentgdp", "population", "populationurban", "birthrate", "lifeexpectancy", "gdp", "created_at", "updated_at") VALUES (?, ?, ?, ?, ?, ?, ?, ?, ?, ?, ?, ?) RETURNING "id"[0m  [["name", "Antigua and Barbuda"], ["mobilephones", 22000.0], ["mortalityunder5", 15.0], ["healthexpenditurepercapita", 411.0], ["healthexpenditureppercentgdp", 5.0], ["population", 77656.0], ["populationurban", 24928.0], ["birthrate", 21.0], ["lifeexpectancy", 0.0], ["gdp", 802526701.0], ["created_at", "2023-12-19 18:37:23.284176"], ["updated_at", "2023-12-19 18:37:23.284176"]]
  [1m[36mTRANSACTION (0.1ms)[0m  [1m[36mcommit transaction[0m
  [1m[36mTRANSACTION (0.0ms)[0m  [1m[36mbegin transaction[0m
  [1m[36mCountryDataFinal Create (5.4ms)[0m  [1m[32mINSERT INTO "country_data_finals" ("name", "mobilephones", "mortalityunder5", "healthexpenditurepercapita", "healthexpenditureppercentgdp", "population", "populationurban", "birthrate", "lifeexpectancy", "gdp", "created_at", "updated_at") VALUES (?, ?, ?, ?, ?, ?, ?, ?, ?, ?, ?, ?) RETURNING "id"[0m  [["name", "Argentina"], ["mobilephones", 6487950.0], ["mortalityunder5", 20.0], ["healthexpenditurepercapita", 689.0], ["healthexpenditureppercentgdp", 9.0], ["population", 36930709.0], ["populationurban", 33274569.0], ["birthrate", 19.0], ["lifeexpectancy", 74.0], ["gdp", 284204000000.0], ["created_at", "2023-12-19 18:37:23.287283"], ["updated_at", "2023-12-19 18:37:23.287283"]]
  [1m[36mTRANSACTION (2.8ms)[0m  [1m[36mcommit transaction[0m
  [1m[36mTRANSACTION (0.0ms)[0m  [1m[36mbegin transaction[0m
  [1m[36mCountryDataFinal Create (5.6ms)[0m  [1m[32mINSERT INTO "country_data_finals" ("name", "mobilephones", "mortalityunder5", "healthexpenditurepercapita", "healthexpenditureppercentgdp", "population", "populationurban", "birthrate", "lifeexpectancy", "gdp", "created_at", "updated_at") VALUES (?, ?, ?, ?, ?, ?, ?, ?, ?, ?, ?, ?) RETURNING "id"[0m  [["name", "Armenia"], ["mobilephones", 17486.0], ["mortalityunder5", 33.0], ["healthexpenditurepercapita", 41.0], ["healthexpenditureppercentgdp", 7.0], ["population", 3076098.0], ["populationurban", 2002540.0], ["birthrate", 13.0], ["lifeexpectancy", 71.0], ["gdp", 1911563665.0], ["created_at", "2023-12-19 18:37:23.299545"], ["updated_at", "2023-12-19 18:37:23.299545"]]
  [1m[36mTRANSACTION (0.1ms)[0m  [1m[36mcommit transaction[0m
  [1m[36mTRANSACTION (0.0ms)[0m  [1m[36mbegin transaction[0m
  [1m[36mCountryDataFinal Create (1.2ms)[0m  [1m[32mINSERT INTO "country_data_finals" ("name", "mobilephones", "mortalityunder5", "healthexpenditurepercapita", "healthexpenditureppercentgdp", "population", "populationurban", "birthrate", "lifeexpectancy", "gdp", "created_at", "updated_at") VALUES (?, ?, ?, ?, ?, ?, ?, ?, ?, ?, ?, ?) RETURNING "id"[0m  [["name", "Aruba"], ["mobilephones", 15000.0], ["mortalityunder5", 0.0], ["healthexpenditurepercapita", 0.0], ["healthexpenditureppercentgdp", 0.0], ["population", 90271.0], ["populationurban", 42157.0], ["birthrate", 14.0], ["lifeexpectancy", 74.0], ["gdp", 1858659293.0], ["created_at", "2023-12-19 18:37:23.307713"], ["updated_at", "2023-12-19 18:37:23.307713"]]
  [1m[36mTRANSACTION (0.1ms)[0m  [1m[36mcommit transaction[0m
  [1m[36mTRANSACTION (0.0ms)[0m  [1m[36mbegin transaction[0m
  [1m[36mCountryDataFinal Create (2.5ms)[0m  [1m[32mINSERT INTO "country_data_finals" ("name", "mobilephones", "mortalityunder5", "healthexpenditurepercapita", "healthexpenditureppercentgdp", "population", "populationurban", "birthrate", "lifeexpectancy", "gdp", "created_at", "updated_at") VALUES (?, ?, ?, ?, ?, ?, ?, ?, ?, ?, ?, ?) RETURNING "id"[0m  [["name", "Australia"], ["mobilephones", 8562000.0], ["mortalityunder5", 6.0], ["healthexpenditurepercapita", 1728.0], ["healthexpenditureppercentgdp", 8.0], ["population", 19153000.0], ["populationurban", 16701416.0], ["birthrate", 13.0], ["lifeexpectancy", 80.0], ["gdp", 416888000000.0], ["created_at", "2023-12-19 18:37:23.315583"], ["updated_at", "2023-12-19 18:37:23.315583"]]
  [1m[36mTRANSACTION (3.2ms)[0m  [1m[36mcommit transaction[0m
  [1m[36mTRANSACTION (0.0ms)[0m  [1m[36mbegin transaction[0m
  [1m[36mCountryDataFinal Create (1.3ms)[0m  [1m[32mINSERT INTO "country_data_finals" ("name", "mobilephones", "mortalityunder5", "healthexpenditurepercapita", "healthexpenditureppercentgdp", "population", "populationurban", "birthrate", "lifeexpectancy", "gdp", "created_at", "updated_at") VALUES (?, ?, ?, ?, ?, ?, ?, ?, ?, ?, ?, ?) RETURNING "id"[0m  [["name", "Austria"], ["mobilephones", 6117000.0], ["mortalityunder5", 6.0], ["healthexpenditurepercapita", 2361.0], ["healthexpenditureppercentgdp", 10.0], ["population", 8011566.0], ["populationurban", 5271610.0], ["birthrate", 10.0], ["lifeexpectancy", 78.0], ["gdp", 192071000000.0], ["created_at", "2023-12-19 18:37:23.325146"], ["updated_at", "2023-12-19 18:37:23.325146"]]
  [1m[36mTRANSACTION (0.1ms)[0m  [1m[36mcommit transaction[0m
  [1m[36mTRANSACTION (0.0ms)[0m  [1m[36mbegin transaction[0m
  [1m[36mCountryDataFinal Create (0.9ms)[0m  [1m[32mINSERT INTO "country_data_finals" ("name", "mobilephones", "mortalityunder5", "healthexpenditurepercapita", "healthexpenditureppercentgdp", "population", "populationurban", "birthrate", "lifeexpectancy", "gdp", "created_at", "updated_at") VALUES (?, ?, ?, ?, ?, ?, ?, ?, ?, ?, ?, ?) RETURNING "id"[0m  [["name", "Azerbaijan"], ["mobilephones", 420400.0], ["mortalityunder5", 67.0], ["healthexpenditurepercapita", 30.0], ["healthexpenditureppercentgdp", 5.0], ["population", 8048600.0], ["populationurban", 4120883.0], ["birthrate", 15.0], ["lifeexpectancy", 67.0], ["gdp", 5272617196.0], ["created_at", "2023-12-19 18:37:23.329187"], ["updated_at", "2023-12-19 18:37:23.329187"]]
  [1m[36mTRANSACTION (8.3ms)[0m  [1m[36mcommit transaction[0m
  [1m[36mTRANSACTION (0.0ms)[0m  [1m[36mbegin transaction[0m
  [1m[36mCountryDataFinal Create (3.3ms)[0m  [1m[32mINSERT INTO "country_data_finals" ("name", "mobilephones", "mortalityunder5", "healthexpenditurepercapita", "healthexpenditureppercentgdp", "population", "populationurban", "birthrate", "lifeexpectancy", "gdp", "created_at", "updated_at") VALUES (?, ?, ?, ?, ?, ?, ?, ?, ?, ?, ?, ?) RETURNING "id"[0m  [["name", "Bahamas, The"], ["mobilephones", 31524.0], ["mortalityunder5", 17.0], ["healthexpenditurepercapita", 1072.0], ["healthexpenditureppercentgdp", 6.0], ["population", 297651.0], ["populationurban", 244074.0], ["birthrate", 18.0], ["lifeexpectancy", 72.0], ["gdp", 6327552000.0], ["created_at", "2023-12-19 18:37:23.340515"], ["updated_at", "2023-12-19 18:37:23.340515"]]
  [1m[36mTRANSACTION (0.1ms)[0m  [1m[36mcommit transaction[0m
  [1m[36mTRANSACTION (0.0ms)[0m  [1m[36mbegin transaction[0m
  [1m[36mCountryDataFinal Create (0.9ms)[0m  [1m[32mINSERT INTO "country_data_finals" ("name", "mobilephones", "mortalityunder5", "healthexpenditurepercapita", "healthexpenditureppercentgdp", "population", "populationurban", "birthrate", "lifeexpectancy", "gdp", "created_at", "updated_at") VALUES (?, ?, ?, ?, ?, ?, ?, ?, ?, ?, ?, ?) RETURNING "id"[0m  [["name", "Bahrain"], ["mobilephones", 205727.0], ["mortalityunder5", 12.0], ["healthexpenditurepercapita", 488.0], ["healthexpenditureppercentgdp", 4.0], ["population", 638193.0], ["populationurban", 564163.0], ["birthrate", 22.0], ["lifeexpectancy", 74.0], ["gdp", 7970690894.0], ["created_at", "2023-12-19 18:37:23.345974"], ["updated_at", "2023-12-19 18:37:23.345974"]]
  [1m[36mTRANSACTION (0.1ms)[0m  [1m[36mcommit transaction[0m
  [1m[36mTRANSACTION (0.0ms)[0m  [1m[36mbegin transaction[0m
  [1m[36mCountryDataFinal Create (1.0ms)[0m  [1m[32mINSERT INTO "country_data_finals" ("name", "mobilephones", "mortalityunder5", "healthexpenditurepercapita", "healthexpenditureppercentgdp", "population", "populationurban", "birthrate", "lifeexpectancy", "gdp", "created_at", "updated_at") VALUES (?, ?, ?, ?, ?, ?, ?, ?, ?, ?, ?, ?) RETURNING "id"[0m  [["name", "Bangladesh"], ["mobilephones", 279000.0], ["mortalityunder5", 86.0], ["healthexpenditurepercapita", 9.0], ["healthexpenditureppercentgdp", 3.0], ["population", 129592275.0], ["populationurban", 30583777.0], ["birthrate", 27.0], ["lifeexpectancy", 65.0], ["gdp", 47124925462.0], ["created_at", "2023-12-19 18:37:23.348981"], ["updated_at", "2023-12-19 18:37:23.348981"]]
  [1m[36mTRANSACTION (3.4ms)[0m  [1m[36mcommit transaction[0m
  [1m[36mTRANSACTION (0.0ms)[0m  [1m[36mbegin transaction[0m
  [1m[36mCountryDataFinal Create (2.5ms)[0m  [1m[32mINSERT INTO "country_data_finals" ("name", "mobilephones", "mortalityunder5", "healthexpenditurepercapita", "healthexpenditureppercentgdp", "population", "populationurban", "birthrate", "lifeexpectancy", "gdp", "created_at", "updated_at") VALUES (?, ?, ?, ?, ?, ?, ?, ?, ?, ?, ?, ?) RETURNING "id"[0m  [["name", "Barbados"], ["mobilephones", 28467.0], ["mortalityunder5", 17.0], ["healthexpenditurepercapita", 640.0], ["healthexpenditureppercentgdp", 6.0], ["population", 267511.0], ["populationurban", 97106.0], ["birthrate", 12.0], ["lifeexpectancy", 76.0], ["gdp", 2558850048.0], ["created_at", "2023-12-19 18:37:23.362201"], ["updated_at", "2023-12-19 18:37:23.362201"]]
  [1m[36mTRANSACTION (0.1ms)[0m  [1m[36mcommit transaction[0m
  [1m[36mTRANSACTION (0.0ms)[0m  [1m[36mbegin transaction[0m
  [1m[36mCountryDataFinal Create (1.0ms)[0m  [1m[32mINSERT INTO "country_data_finals" ("name", "mobilephones", "mortalityunder5", "healthexpenditurepercapita", "healthexpenditureppercentgdp", "population", "populationurban", "birthrate", "lifeexpectancy", "gdp", "created_at", "updated_at") VALUES (?, ?, ?, ?, ?, ?, ?, ?, ?, ?, ?, ?) RETURNING "id"[0m  [["name", "Belarus"], ["mobilephones", 49353.0], ["mortalityunder5", 14.0], ["healthexpenditurepercapita", 66.0], ["healthexpenditureppercentgdp", 6.0], ["population", 10005000.0], ["populationurban", 6993495.0], ["birthrate", 9.0], ["lifeexpectancy", 69.0], ["gdp", 12736856485.0], ["created_at", "2023-12-19 18:37:23.366831"], ["updated_at", "2023-12-19 18:37:23.366831"]]
  [1m[36mTRANSACTION (0.1ms)[0m  [1m[36mcommit transaction[0m
  [1m[36mTRANSACTION (0.0ms)[0m  [1m[36mbegin transaction[0m
  [1m[36mCountryDataFinal Create (6.2ms)[0m  [1m[32mINSERT INTO "country_data_finals" ("name", "mobilephones", "mortalityunder5", "healthexpenditurepercapita", "healthexpenditureppercentgdp", "population", "populationurban", "birthrate", "lifeexpectancy", "gdp", "created_at", "updated_at") VALUES (?, ?, ?, ?, ?, ?, ?, ?, ?, ?, ?, ?) RETURNING "id"[0m  [["name", "Belgium"], ["mobilephones", 5629000.0], ["mortalityunder5", 6.0], ["healthexpenditurepercapita", 2025.0], ["healthexpenditureppercentgdp", 9.0], ["population", 10251250.0], ["populationurban", 9953964.0], ["birthrate", 11.0], ["lifeexpectancy", 78.0], ["gdp", 232673000000.0], ["created_at", "2023-12-19 18:37:23.370365"], ["updated_at", "2023-12-19 18:37:23.370365"]]
  [1m[36mTRANSACTION (3.2ms)[0m  [1m[36mcommit transaction[0m
  [1m[36mTRANSACTION (0.0ms)[0m  [1m[36mbegin transaction[0m
  [1m[36mCountryDataFinal Create (1.0ms)[0m  [1m[32mINSERT INTO "country_data_finals" ("name", "mobilephones", "mortalityunder5", "healthexpenditurepercapita", "healthexpenditureppercentgdp", "population", "populationurban", "birthrate", "lifeexpectancy", "gdp", "created_at", "updated_at") VALUES (?, ?, ?, ?, ?, ?, ?, ?, ?, ?, ?, ?) RETURNING "id"[0m  [["name", "Belize"], ["mobilephones", 16812.0], ["mortalityunder5", 27.0], ["healthexpenditurepercapita", 123.0], ["healthexpenditureppercentgdp", 4.0], ["population", 249800.0], ["populationurban", 119404.0], ["birthrate", 30.0], ["lifeexpectancy", 74.0], ["gdp", 832072465.0], ["created_at", "2023-12-19 18:37:23.383078"], ["updated_at", "2023-12-19 18:37:23.383078"]]
  [1m[36mTRANSACTION (0.1ms)[0m  [1m[36mcommit transaction[0m
  [1m[36mTRANSACTION (0.1ms)[0m  [1m[36mbegin transaction[0m
  [1m[36mCountryDataFinal Create (2.4ms)[0m  [1m[32mINSERT INTO "country_data_finals" ("name", "mobilephones", "mortalityunder5", "healthexpenditurepercapita", "healthexpenditureppercentgdp", "population", "populationurban", "birthrate", "lifeexpectancy", "gdp", "created_at", "updated_at") VALUES (?, ?, ?, ?, ?, ?, ?, ?, ?, ?, ?, ?) RETURNING "id"[0m  [["name", "Benin"], ["mobilephones", 55476.0], ["mortalityunder5", 143.0], ["healthexpenditurepercapita", 15.0], ["healthexpenditureppercentgdp", 4.0], ["population", 6517810.0], ["populationurban", 2496321.0], ["birthrate", 43.0], ["lifeexpectancy", 53.0], ["gdp", 2254838685.0], ["created_at", "2023-12-19 18:37:23.391564"], ["updated_at", "2023-12-19 18:37:23.391564"]]
  [1m[36mTRANSACTION (0.1ms)[0m  [1m[36mcommit transaction[0m
  [1m[36mTRANSACTION (0.0ms)[0m  [1m[36mbegin transaction[0m
  [1m[36mCountryDataFinal Create (1.0ms)[0m  [1m[32mINSERT INTO "country_data_finals" ("name", "mobilephones", "mortalityunder5", "healthexpenditurepercapita", "healthexpenditureppercentgdp", "population", "populationurban", "birthrate", "lifeexpectancy", "gdp", "created_at", "updated_at") VALUES (?, ?, ?, ?, ?, ?, ?, ?, ?, ?, ?, ?) RETURNING "id"[0m  [["name", "Bermuda"], ["mobilephones", 13000.0], ["mortalityunder5", 0.0], ["healthexpenditurepercapita", 0.0], ["healthexpenditureppercentgdp", 0.0], ["population", 62100.0], ["populationurban", 62100.0], ["birthrate", 14.0], ["lifeexpectancy", 78.0], ["gdp", 3480219000.0], ["created_at", "2023-12-19 18:37:23.395980"], ["updated_at", "2023-12-19 18:37:23.395980"]]
  [1m[36mTRANSACTION (0.1ms)[0m  [1m[36mcommit transaction[0m
  [1m[36mTRANSACTION (0.0ms)[0m  [1m[36mbegin transaction[0m
  [1m[36mCountryDataFinal Create (0.9ms)[0m  [1m[32mINSERT INTO "country_data_finals" ("name", "mobilephones", "mortalityunder5", "healthexpenditurepercapita", "healthexpenditureppercentgdp", "population", "populationurban", "birthrate", "lifeexpectancy", "gdp", "created_at", "updated_at") VALUES (?, ?, ?, ?, ?, ?, ?, ?, ?, ?, ?, ?) RETURNING "id"[0m  [["name", "Bhutan"], ["mobilephones", 0.0], ["mortalityunder5", 89.0], ["healthexpenditurepercapita", 53.0], ["healthexpenditureppercentgdp", 7.0], ["population", 571262.0], ["populationurban", 145101.0], ["birthrate", 27.0], ["lifeexpectancy", 62.0], ["gdp", 427808817.0], ["created_at", "2023-12-19 18:37:23.399301"], ["updated_at", "2023-12-19 18:37:23.399301"]]
  [1m[36mTRANSACTION (17.2ms)[0m  [1m[36mcommit transaction[0m
  [1m[36mTRANSACTION (0.0ms)[0m  [1m[36mbegin transaction[0m
  [1m[36mCountryDataFinal Create (1.1ms)[0m  [1m[32mINSERT INTO "country_data_finals" ("name", "mobilephones", "mortalityunder5", "healthexpenditurepercapita", "healthexpenditureppercentgdp", "population", "populationurban", "birthrate", "lifeexpectancy", "gdp", "created_at", "updated_at") VALUES (?, ?, ?, ?, ?, ?, ?, ?, ?, ?, ?, ?) RETURNING "id"[0m  [["name", "Bolivia"], ["mobilephones", 582620.0], ["mortalityunder5", 82.0], ["healthexpenditurepercapita", 61.0], ["healthexpenditureppercentgdp", 6.0], ["population", 8307248.0], ["populationurban", 5133879.0], ["birthrate", 31.0], ["lifeexpectancy", 63.0], ["gdp", 8397858206.0], ["created_at", "2023-12-19 18:37:23.419447"], ["updated_at", "2023-12-19 18:37:23.419447"]]
  [1m[36mTRANSACTION (1.5ms)[0m  [1m[36mcommit transaction[0m
  [1m[36mTRANSACTION (0.0ms)[0m  [1m[36mbegin transaction[0m
  [1m[36mCountryDataFinal Create (7.4ms)[0m  [1m[32mINSERT INTO "country_data_finals" ("name", "mobilephones", "mortalityunder5", "healthexpenditurepercapita", "healthexpenditureppercentgdp", "population", "populationurban", "birthrate", "lifeexpectancy", "gdp", "created_at", "updated_at") VALUES (?, ?, ?, ?, ?, ?, ?, ?, ?, ?, ?, ?) RETURNING "id"[0m  [["name", "Bosnia and Herzegovina"], ["mobilephones", 93386.0], ["mortalityunder5", 10.0], ["healthexpenditurepercapita", 106.0], ["healthexpenditureppercentgdp", 7.0], ["population", 3693698.0], ["populationurban", 1595678.0], ["birthrate", 11.0], ["lifeexpectancy", 75.0], ["gdp", 5505984456.0], ["created_at", "2023-12-19 18:37:23.430097"], ["updated_at", "2023-12-19 18:37:23.430097"]]
  [1m[36mTRANSACTION (0.1ms)[0m  [1m[36mcommit transaction[0m
  [1m[36mTRANSACTION (0.0ms)[0m  [1m[36mbegin transaction[0m
  [1m[36mCountryDataFinal Create (4.9ms)[0m  [1m[32mINSERT INTO "country_data_finals" ("name", "mobilephones", "mortalityunder5", "healthexpenditurepercapita", "healthexpenditureppercentgdp", "population", "populationurban", "birthrate", "lifeexpectancy", "gdp", "created_at", "updated_at") VALUES (?, ?, ?, ?, ?, ?, ?, ?, ?, ?, ?, ?) RETURNING "id"[0m  [["name", "Botswana"], ["mobilephones", 222190.0], ["mortalityunder5", 96.0], ["healthexpenditurepercapita", 155.0], ["healthexpenditureppercentgdp", 5.0], ["population", 1757925.0], ["populationurban", 935216.0], ["birthrate", 27.0], ["lifeexpectancy", 51.0], ["gdp", 5632391130.0], ["created_at", "2023-12-19 18:37:23.439779"], ["updated_at", "2023-12-19 18:37:23.439779"]]
  [1m[36mTRANSACTION (0.1ms)[0m  [1m[36mcommit transaction[0m
  [1m[36mTRANSACTION (0.0ms)[0m  [1m[36mbegin transaction[0m
  [1m[36mCountryDataFinal Create (1.2ms)[0m  [1m[32mINSERT INTO "country_data_finals" ("name", "mobilephones", "mortalityunder5", "healthexpenditurepercapita", "healthexpenditureppercentgdp", "population", "populationurban", "birthrate", "lifeexpectancy", "gdp", "created_at", "updated_at") VALUES (?, ?, ?, ?, ?, ?, ?, ?, ?, ?, ?, ?) RETURNING "id"[0m  [["name", "Brazil"], ["mobilephones", 23188171.0], ["mortalityunder5", 36.0], ["healthexpenditurepercapita", 265.0], ["healthexpenditureppercentgdp", 7.0], ["population", 174425387.0], ["populationurban", 141633414.0], ["birthrate", 21.0], ["lifeexpectancy", 70.0], ["gdp", 644702000000.0], ["created_at", "2023-12-19 18:37:23.446846"], ["updated_at", "2023-12-19 18:37:23.446846"]]
  [1m[36mTRANSACTION (0.1ms)[0m  [1m[36mcommit transaction[0m
  [1m[36mTRANSACTION (0.0ms)[0m  [1m[36mbegin transaction[0m
  [1m[36mCountryDataFinal Create (1.0ms)[0m  [1m[32mINSERT INTO "country_data_finals" ("name", "mobilephones", "mortalityunder5", "healthexpenditurepercapita", "healthexpenditureppercentgdp", "population", "populationurban", "birthrate", "lifeexpectancy", "gdp", "created_at", "updated_at") VALUES (?, ?, ?, ?, ?, ?, ?, ?, ?, ?, ?, ?) RETURNING "id"[0m  [["name", "Brunei Darussalam"], ["mobilephones", 95000.0], ["mortalityunder5", 9.0], ["healthexpenditurepercapita", 541.0], ["healthexpenditureppercentgdp", 3.0], ["population", 327036.0], ["populationurban", 232523.0], ["birthrate", 23.0], ["lifeexpectancy", 77.0], ["gdp", 6001153318.0], ["created_at", "2023-12-19 18:37:23.450039"], ["updated_at", "2023-12-19 18:37:23.450039"]]
  [1m[36mTRANSACTION (3.5ms)[0m  [1m[36mcommit transaction[0m
  [1m[36mTRANSACTION (0.1ms)[0m  [1m[36mbegin transaction[0m
  [1m[36mCountryDataFinal Create (1.0ms)[0m  [1m[32mINSERT INTO "country_data_finals" ("name", "mobilephones", "mortalityunder5", "healthexpenditurepercapita", "healthexpenditureppercentgdp", "population", "populationurban", "birthrate", "lifeexpectancy", "gdp", "created_at", "updated_at") VALUES (?, ?, ?, ?, ?, ?, ?, ?, ?, ?, ?, ?) RETURNING "id"[0m  [["name", "Bulgaria"], ["mobilephones", 738000.0], ["mortalityunder5", 21.0], ["healthexpenditurepercapita", 95.0], ["healthexpenditureppercentgdp", 6.0], ["population", 8170172.0], ["populationurban", 5629249.0], ["birthrate", 9.0], ["lifeexpectancy", 72.0], ["gdp", 12903546576.0], ["created_at", "2023-12-19 18:37:23.462281"], ["updated_at", "2023-12-19 18:37:23.462281"]]
  [1m[36mTRANSACTION (0.1ms)[0m  [1m[36mcommit transaction[0m
  [1m[36mTRANSACTION (0.0ms)[0m  [1m[36mbegin transaction[0m
  [1m[36mCountryDataFinal Create (1.0ms)[0m  [1m[32mINSERT INTO "country_data_finals" ("name", "mobilephones", "mortalityunder5", "healthexpenditurepercapita", "healthexpenditureppercentgdp", "population", "populationurban", "birthrate", "lifeexpectancy", "gdp", "created_at", "updated_at") VALUES (?, ?, ?, ?, ?, ?, ?, ?, ?, ?, ?, ?) RETURNING "id"[0m  [["name", "Burkina Faso"], ["mobilephones", 25245.0], ["mortalityunder5", 191.0], ["healthexpenditurepercapita", 11.0], ["healthexpenditureppercentgdp", 5.0], ["population", 12294012.0], ["populationurban", 2040806.0], ["birthrate", 45.0], ["lifeexpectancy", 50.0], ["gdp", 2610945549.0], ["created_at", "2023-12-19 18:37:23.467381"], ["updated_at", "2023-12-19 18:37:23.467381"]]
  [1m[36mTRANSACTION (0.1ms)[0m  [1m[36mcommit transaction[0m
  [1m[36mTRANSACTION (0.0ms)[0m  [1m[36mbegin transaction[0m
  [1m[36mCountryDataFinal Create (8.0ms)[0m  [1m[32mINSERT INTO "country_data_finals" ("name", "mobilephones", "mortalityunder5", "healthexpenditurepercapita", "healthexpenditureppercentgdp", "population", "populationurban", "birthrate", "lifeexpectancy", "gdp", "created_at", "updated_at") VALUES (?, ?, ?, ?, ?, ?, ?, ?, ?, ?, ?, ?) RETURNING "id"[0m  [["name", "Burundi"], ["mobilephones", 16320.0], ["mortalityunder5", 164.0], ["healthexpenditurepercapita", 7.0], ["healthexpenditureppercentgdp", 7.0], ["population", 6374347.0], ["populationurban", 529071.0], ["birthrate", 38.0], ["lifeexpectancy", 46.0], ["gdp", 835334807.0], ["created_at", "2023-12-19 18:37:23.470376"], ["updated_at", "2023-12-19 18:37:23.470376"]]
  [1m[36mTRANSACTION (3.1ms)[0m  [1m[36mcommit transaction[0m
  [1m[36mTRANSACTION (0.0ms)[0m  [1m[36mbegin transaction[0m
  [1m[36mCountryDataFinal Create (1.0ms)[0m  [1m[32mINSERT INTO "country_data_finals" ("name", "mobilephones", "mortalityunder5", "healthexpenditurepercapita", "healthexpenditureppercentgdp", "population", "populationurban", "birthrate", "lifeexpectancy", "gdp", "created_at", "updated_at") VALUES (?, ?, ?, ?, ?, ?, ?, ?, ?, ?, ?, ?) RETURNING "id"[0m  [["name", "Cambodia"], ["mobilephones", 130547.0], ["mortalityunder5", 103.0], ["healthexpenditurepercapita", 17.0], ["healthexpenditureppercentgdp", 6.0], ["population", 12446949.0], ["populationurban", 2103534.0], ["birthrate", 27.0], ["lifeexpectancy", 58.0], ["gdp", 3654031716.0], ["created_at", "2023-12-19 18:37:23.484687"], ["updated_at", "2023-12-19 18:37:23.484687"]]
  [1m[36mTRANSACTION (0.1ms)[0m  [1m[36mcommit transaction[0m
  [1m[36mTRANSACTION (0.0ms)[0m  [1m[36mbegin transaction[0m
  [1m[36mCountryDataFinal Create (1.1ms)[0m  [1m[32mINSERT INTO "country_data_finals" ("name", "mobilephones", "mortalityunder5", "healthexpenditurepercapita", "healthexpenditureppercentgdp", "population", "populationurban", "birthrate", "lifeexpectancy", "gdp", "created_at", "updated_at") VALUES (?, ?, ?, ?, ?, ?, ?, ?, ?, ?, ?, ?) RETURNING "id"[0m  [["name", "Cameroon"], ["mobilephones", 103279.0], ["mortalityunder5", 148.0], ["healthexpenditurepercapita", 27.0], ["healthexpenditureppercentgdp", 5.0], ["population", 15678269.0], ["populationurban", 7823456.0], ["birthrate", 38.0], ["lifeexpectancy", 50.0], ["gdp", 10075040331.0], ["created_at", "2023-12-19 18:37:23.488487"], ["updated_at", "2023-12-19 18:37:23.488487"]]
  [1m[36mTRANSACTION (0.1ms)[0m  [1m[36mcommit transaction[0m
  [1m[36mTRANSACTION (0.0ms)[0m  [1m[36mbegin transaction[0m
  [1m[36mCountryDataFinal Create (2.9ms)[0m  [1m[32mINSERT INTO "country_data_finals" ("name", "mobilephones", "mortalityunder5", "healthexpenditurepercapita", "healthexpenditureppercentgdp", "population", "populationurban", "birthrate", "lifeexpectancy", "gdp", "created_at", "updated_at") VALUES (?, ?, ?, ?, ?, ?, ?, ?, ?, ?, ?, ?) RETURNING "id"[0m  [["name", "Canada"], ["mobilephones", 8727000.0], ["mortalityunder5", 6.0], ["healthexpenditurepercapita", 2082.0], ["healthexpenditureppercentgdp", 9.0], ["population", 30769700.0], ["populationurban", 24461912.0], ["birthrate", 11.0], ["lifeexpectancy", 80.0], ["gdp", 724919000000.0], ["created_at", "2023-12-19 18:37:23.495695"], ["updated_at", "2023-12-19 18:37:23.495695"]]
  [1m[36mTRANSACTION (2.9ms)[0m  [1m[36mcommit transaction[0m
  [1m[36mTRANSACTION (0.0ms)[0m  [1m[36mbegin transaction[0m
  [1m[36mCountryDataFinal Create (1.0ms)[0m  [1m[32mINSERT INTO "country_data_finals" ("name", "mobilephones", "mortalityunder5", "healthexpenditurepercapita", "healthexpenditureppercentgdp", "population", "populationurban", "birthrate", "lifeexpectancy", "gdp", "created_at", "updated_at") VALUES (?, ?, ?, ?, ?, ?, ?, ?, ?, ?, ?, ?) RETURNING "id"[0m  [["name", "Cape Verde"], ["mobilephones", 19729.0], ["mortalityunder5", 46.0], ["healthexpenditurepercapita", 57.0], ["healthexpenditureppercentgdp", 5.0], ["population", 437238.0], ["populationurban", 233485.0], ["birthrate", 29.0], ["lifeexpectancy", 70.0], ["gdp", 539227053.0], ["created_at", "2023-12-19 18:37:23.507026"], ["updated_at", "2023-12-19 18:37:23.507026"]]
  [1m[36mTRANSACTION (0.1ms)[0m  [1m[36mcommit transaction[0m
  [1m[36mTRANSACTION (0.0ms)[0m  [1m[36mbegin transaction[0m
  [1m[36mCountryDataFinal Create (4.7ms)[0m  [1m[32mINSERT INTO "country_data_finals" ("name", "mobilephones", "mortalityunder5", "healthexpenditurepercapita", "healthexpenditureppercentgdp", "population", "populationurban", "birthrate", "lifeexpectancy", "gdp", "created_at", "updated_at") VALUES (?, ?, ?, ?, ?, ?, ?, ?, ?, ?, ?, ?) RETURNING "id"[0m  [["name", "Cayman Islands"], ["mobilephones", 10700.0], ["mortalityunder5", 0.0], ["healthexpenditurepercapita", 0.0], ["healthexpenditureppercentgdp", 0.0], ["population", 40195.0], ["populationurban", 40195.0], ["birthrate", 0.0], ["lifeexpectancy", 0.0], ["gdp", 0.0], ["created_at", "2023-12-19 18:37:23.510110"], ["updated_at", "2023-12-19 18:37:23.510110"]]
  [1m[36mTRANSACTION (1.5ms)[0m  [1m[36mcommit transaction[0m
  [1m[36mTRANSACTION (0.0ms)[0m  [1m[36mbegin transaction[0m
  [1m[36mCountryDataFinal Create (0.9ms)[0m  [1m[32mINSERT INTO "country_data_finals" ("name", "mobilephones", "mortalityunder5", "healthexpenditurepercapita", "healthexpenditureppercentgdp", "population", "populationurban", "birthrate", "lifeexpectancy", "gdp", "created_at", "updated_at") VALUES (?, ?, ?, ?, ?, ?, ?, ?, ?, ?, ?, ?) RETURNING "id"[0m  [["name", "Central African Republic"], ["mobilephones", 4967.0], ["mortalityunder5", 176.0], ["healthexpenditurepercapita", 10.0], ["healthexpenditureppercentgdp", 4.0], ["population", 3701607.0], ["populationurban", 1391804.0], ["birthrate", 39.0], ["lifeexpectancy", 44.0], ["gdp", 959413051.0], ["created_at", "2023-12-19 18:37:23.519974"], ["updated_at", "2023-12-19 18:37:23.519974"]]
  [1m[36mTRANSACTION (0.1ms)[0m  [1m[36mcommit transaction[0m
  [1m[36mTRANSACTION (0.0ms)[0m  [1m[36mbegin transaction[0m
  [1m[36mCountryDataFinal Create (1.0ms)[0m  [1m[32mINSERT INTO "country_data_finals" ("name", "mobilephones", "mortalityunder5", "healthexpenditurepercapita", "healthexpenditureppercentgdp", "population", "populationurban", "birthrate", "lifeexpectancy", "gdp", "created_at", "updated_at") VALUES (?, ?, ?, ?, ?, ?, ?, ?, ?, ?, ?, ?) RETURNING "id"[0m  [["name", "Chad"], ["mobilephones", 5500.0], ["mortalityunder5", 190.0], ["healthexpenditurepercapita", 10.0], ["healthexpenditureppercentgdp", 6.0], ["population", 8222327.0], ["populationurban", 1924025.0], ["birthrate", 48.0], ["lifeexpectancy", 49.0], ["gdp", 1385050964.0], ["created_at", "2023-12-19 18:37:23.528076"], ["updated_at", "2023-12-19 18:37:23.528076"]]
  [1m[36mTRANSACTION (0.1ms)[0m  [1m[36mcommit transaction[0m
  [1m[36mTRANSACTION (0.0ms)[0m  [1m[36mbegin transaction[0m
  [1m[36mCountryDataFinal Create (2.2ms)[0m  [1m[32mINSERT INTO "country_data_finals" ("name", "mobilephones", "mortalityunder5", "healthexpenditurepercapita", "healthexpenditureppercentgdp", "population", "populationurban", "birthrate", "lifeexpectancy", "gdp", "created_at", "updated_at") VALUES (?, ?, ?, ?, ?, ?, ?, ?, ?, ?, ?, ?) RETURNING "id"[0m  [["name", "Channel Islands"], ["mobilephones", 0.0], ["mortalityunder5", 0.0], ["healthexpenditurepercapita", 0.0], ["healthexpenditureppercentgdp", 0.0], ["population", 145330.0], ["populationurban", 44326.0], ["birthrate", 11.0], ["lifeexpectancy", 78.0], ["gdp", 6439703435.0], ["created_at", "2023-12-19 18:37:23.535718"], ["updated_at", "2023-12-19 18:37:23.535718"]]
  [1m[36mTRANSACTION (3.0ms)[0m  [1m[36mcommit transaction[0m
  [1m[36mTRANSACTION (0.1ms)[0m  [1m[36mbegin transaction[0m
  [1m[36mCountryDataFinal Create (1.2ms)[0m  [1m[32mINSERT INTO "country_data_finals" ("name", "mobilephones", "mortalityunder5", "healthexpenditurepercapita", "healthexpenditureppercentgdp", "population", "populationurban", "birthrate", "lifeexpectancy", "gdp", "created_at", "updated_at") VALUES (?, ?, ?, ?, ?, ?, ?, ?, ?, ?, ?, ?) RETURNING "id"[0m  [["name", "Chile"], ["mobilephones", 3401525.0], ["mortalityunder5", 11.0], ["healthexpenditurepercapita", 324.0], ["healthexpenditureppercentgdp", 7.0], ["population", 15419820.0], ["populationurban", 13245625.0], ["birthrate", 17.0], ["lifeexpectancy", 77.0], ["gdp", 75210511780.0], ["created_at", "2023-12-19 18:37:23.544729"], ["updated_at", "2023-12-19 18:37:23.544729"]]
  [1m[36mTRANSACTION (0.1ms)[0m  [1m[36mcommit transaction[0m
  [1m[36mTRANSACTION (0.0ms)[0m  [1m[36mbegin transaction[0m
  [1m[36mCountryDataFinal Create (1.5ms)[0m  [1m[32mINSERT INTO "country_data_finals" ("name", "mobilephones", "mortalityunder5", "healthexpenditurepercapita", "healthexpenditureppercentgdp", "population", "populationurban", "birthrate", "lifeexpectancy", "gdp", "created_at", "updated_at") VALUES (?, ?, ?, ?, ?, ?, ?, ?, ?, ?, ?, ?) RETURNING "id"[0m  [["name", "China"], ["mobilephones", 85260000.0], ["mortalityunder5", 33.0], ["healthexpenditurepercapita", 44.0], ["healthexpenditureppercentgdp", 5.0], ["population", 1262645000.0], ["populationurban", 452026910.0], ["birthrate", 14.0], ["lifeexpectancy", 72.0], ["gdp", 1198470000000.0], ["created_at", "2023-12-19 18:37:23.550956"], ["updated_at", "2023-12-19 18:37:23.550956"]]
  [1m[36mTRANSACTION (0.1ms)[0m  [1m[36mcommit transaction[0m
  [1m[36mTRANSACTION (0.0ms)[0m  [1m[36mbegin transaction[0m
  [1m[36mCountryDataFinal Create (1.0ms)[0m  [1m[32mINSERT INTO "country_data_finals" ("name", "mobilephones", "mortalityunder5", "healthexpenditurepercapita", "healthexpenditureppercentgdp", "population", "populationurban", "birthrate", "lifeexpectancy", "gdp", "created_at", "updated_at") VALUES (?, ?, ?, ?, ?, ?, ?, ?, ?, ?, ?, ?) RETURNING "id"[0m  [["name", "Colombia"], ["mobilephones", 2256801.0], ["mortalityunder5", 27.0], ["healthexpenditurepercapita", 161.0], ["healthexpenditureppercentgdp", 7.0], ["population", 39764166.0], ["populationurban", 28669964.0], ["birthrate", 23.0], ["lifeexpectancy", 71.0], ["gdp", 100364000000.0], ["created_at", "2023-12-19 18:37:23.558026"], ["updated_at", "2023-12-19 18:37:23.558026"]]
  [1m[36mTRANSACTION (0.1ms)[0m  [1m[36mcommit transaction[0m
  [1m[36mTRANSACTION (0.0ms)[0m  [1m[36mbegin transaction[0m
  [1m[36mCountryDataFinal Create (2.7ms)[0m  [1m[32mINSERT INTO "country_data_finals" ("name", "mobilephones", "mortalityunder5", "healthexpenditurepercapita", "healthexpenditureppercentgdp", "population", "populationurban", "birthrate", "lifeexpectancy", "gdp", "created_at", "updated_at") VALUES (?, ?, ?, ?, ?, ?, ?, ?, ?, ?, ?, ?) RETURNING "id"[0m  [["name", "Comoros"], ["mobilephones", 0.0], ["mortalityunder5", 104.0], ["healthexpenditurepercapita", 10.0], ["healthexpenditureppercentgdp", 3.0], ["population", 562469.0], ["populationurban", 158054.0], ["birthrate", 40.0], ["lifeexpectancy", 58.0], ["gdp", 201900820.0], ["created_at", "2023-12-19 18:37:23.564799"], ["updated_at", "2023-12-19 18:37:23.564799"]]
  [1m[36mTRANSACTION (3.6ms)[0m  [1m[36mcommit transaction[0m
Started GET "/country_data_finals" for 146.111.194.4 at 2023-12-19 18:37:35 +0000
Cannot render console from 146.111.194.4! Allowed networks: 127.0.0.0/127.255.255.255, ::1
Processing by CountryDataFinalsController#index as HTML
  Rendering layout layouts/application.html.erb
  Rendering country_data_finals/index.html.erb within layouts/application
  [1m[36mCountryDataFinal Load (0.3ms)[0m  [1m[34mSELECT "country_data_finals".* FROM "country_data_finals"[0m
  ↳ app/views/country_data_finals/index.html.erb:6
  Rendered country_data_finals/_country_data_final.html.erb (Duration: 1.9ms | Allocations: 386)
  Rendered country_data_finals/_country_data_final.html.erb (Duration: 0.1ms | Allocations: 34)
  Rendered country_data_finals/_country_data_final.html.erb (Duration: 0.1ms | Allocations: 34)
  Rendered country_data_finals/_country_data_final.html.erb (Duration: 0.1ms | Allocations: 34)
  Rendered country_data_finals/_country_data_final.html.erb (Duration: 0.1ms | Allocations: 34)
  Rendered country_data_finals/_country_data_final.html.erb (Duration: 0.1ms | Allocations: 34)
  Rendered country_data_finals/_country_data_final.html.erb (Duration: 0.1ms | Allocations: 35)
  Rendered country_data_finals/_country_data_final.html.erb (Duration: 0.1ms | Allocations: 34)
  Rendered country_data_finals/_country_data_final.html.erb (Duration: 0.1ms | Allocations: 34)
  Rendered country_data_finals/_country_data_final.html.erb (Duration: 0.1ms | Allocations: 34)
  Rendered country_data_finals/_country_data_final.html.erb (Duration: 0.1ms | Allocations: 34)
  Rendered country_data_finals/_country_data_final.html.erb (Duration: 0.1ms | Allocations: 34)
  Rendered country_data_finals/_country_data_final.html.erb (Duration: 0.1ms | Allocations: 34)
  Rendered country_data_finals/_country_data_final.html.erb (Duration: 0.1ms | Allocations: 34)
  Rendered country_data_finals/_country_data_final.html.erb (Duration: 0.1ms | Allocations: 34)
  Rendered country_data_finals/_country_data_final.html.erb (Duration: 0.5ms | Allocations: 34)
  Rendered country_data_finals/_country_data_final.html.erb (Duration: 0.1ms | Allocations: 34)
  Rendered country_data_finals/_country_data_final.html.erb (Duration: 0.1ms | Allocations: 34)
  Rendered country_data_finals/_country_data_final.html.erb (Duration: 0.1ms | Allocations: 34)
  Rendered country_data_finals/_country_data_final.html.erb (Duration: 0.1ms | Allocations: 34)
  Rendered country_data_finals/_country_data_final.html.erb (Duration: 0.1ms | Allocations: 34)
  Rendered country_data_finals/_country_data_final.html.erb (Duration: 0.1ms | Allocations: 34)
  Rendered country_data_finals/_country_data_final.html.erb (Duration: 0.1ms | Allocations: 34)
  Rendered country_data_finals/_country_data_final.html.erb (Duration: 0.1ms | Allocations: 34)
  Rendered country_data_finals/_country_data_final.html.erb (Duration: 0.1ms | Allocations: 35)
  Rendered country_data_finals/_country_data_final.html.erb (Duration: 0.1ms | Allocations: 34)
  Rendered country_data_finals/_country_data_final.html.erb (Duration: 0.1ms | Allocations: 34)
  Rendered country_data_finals/_country_data_final.html.erb (Duration: 0.1ms | Allocations: 35)
  Rendered country_data_finals/_country_data_final.html.erb (Duration: 0.1ms | Allocations: 34)
  Rendered country_data_finals/_country_data_final.html.erb (Duration: 0.1ms | Allocations: 34)
  Rendered country_data_finals/_country_data_final.html.erb (Duration: 0.1ms | Allocations: 34)
  Rendered country_data_finals/_country_data_final.html.erb (Duration: 0.1ms | Allocations: 34)
  Rendered country_data_finals/_country_data_final.html.erb (Duration: 0.1ms | Allocations: 34)
  Rendered country_data_finals/_country_data_final.html.erb (Duration: 0.1ms | Allocations: 34)
  Rendered country_data_finals/_country_data_final.html.erb (Duration: 0.1ms | Allocations: 34)
  Rendered country_data_finals/_country_data_final.html.erb (Duration: 0.1ms | Allocations: 34)
  Rendered country_data_finals/_country_data_final.html.erb (Duration: 0.1ms | Allocations: 35)
  Rendered country_data_finals/_country_data_final.html.erb (Duration: 0.1ms | Allocations: 34)
  Rendered country_data_finals/_country_data_final.html.erb (Duration: 0.1ms | Allocations: 34)
  Rendered country_data_finals/_country_data_final.html.erb (Duration: 0.1ms | Allocations: 34)
  Rendered country_data_finals/_country_data_final.html.erb (Duration: 0.1ms | Allocations: 34)
  Rendered country_data_finals/_country_data_final.html.erb (Duration: 0.6ms | Allocations: 34)
  Rendered country_data_finals/_country_data_final.html.erb (Duration: 0.1ms | Allocations: 34)
  Rendered country_data_finals/index.html.erb within layouts/application (Duration: 64.5ms | Allocations: 10903)
  Rendered layout layouts/application.html.erb (Duration: 68.0ms | Allocations: 12846)
Completed 200 OK in 74ms (Views: 73.1ms | ActiveRecord: 0.3ms | Allocations: 13110)


Started GET "/country_data_finals" for 146.111.194.4 at 2023-12-19 18:51:37 +0000
Cannot render console from 146.111.194.4! Allowed networks: 127.0.0.0/127.255.255.255, ::1
Processing by CountryDataFinalsController#index as HTML
  Rendering layout layouts/application.html.erb
  Rendering country_data_finals/index.html.erb within layouts/application
  [1m[36mCountryDataFinal Load (3.9ms)[0m  [1m[34mSELECT "country_data_finals".* FROM "country_data_finals"[0m
  ↳ app/views/country_data_finals/index.html.erb:6
  Rendered country_data_finals/_country_data_final.html.erb (Duration: 1.5ms | Allocations: 368)
  Rendered country_data_finals/_country_data_final.html.erb (Duration: 0.1ms | Allocations: 34)
  Rendered country_data_finals/_country_data_final.html.erb (Duration: 0.1ms | Allocations: 34)
  Rendered country_data_finals/_country_data_final.html.erb (Duration: 0.1ms | Allocations: 34)
  Rendered country_data_finals/_country_data_final.html.erb (Duration: 0.5ms | Allocations: 34)
  Rendered country_data_finals/_country_data_final.html.erb (Duration: 0.1ms | Allocations: 34)
  Rendered country_data_finals/_country_data_final.html.erb (Duration: 0.1ms | Allocations: 35)
  Rendered country_data_finals/_country_data_final.html.erb (Duration: 0.1ms | Allocations: 34)
  Rendered country_data_finals/_country_data_final.html.erb (Duration: 0.1ms | Allocations: 34)
  Rendered country_data_finals/_country_data_final.html.erb (Duration: 0.1ms | Allocations: 34)
  Rendered country_data_finals/_country_data_final.html.erb (Duration: 0.1ms | Allocations: 34)
  Rendered country_data_finals/_country_data_final.html.erb (Duration: 0.1ms | Allocations: 34)
  Rendered country_data_finals/_country_data_final.html.erb (Duration: 0.1ms | Allocations: 34)
  Rendered country_data_finals/_country_data_final.html.erb (Duration: 0.1ms | Allocations: 34)
  Rendered country_data_finals/_country_data_final.html.erb (Duration: 0.1ms | Allocations: 34)
  Rendered country_data_finals/_country_data_final.html.erb (Duration: 0.1ms | Allocations: 34)
  Rendered country_data_finals/_country_data_final.html.erb (Duration: 0.1ms | Allocations: 34)
  Rendered country_data_finals/_country_data_final.html.erb (Duration: 0.1ms | Allocations: 34)
  Rendered country_data_finals/_country_data_final.html.erb (Duration: 0.1ms | Allocations: 34)
  Rendered country_data_finals/_country_data_final.html.erb (Duration: 0.1ms | Allocations: 34)
  Rendered country_data_finals/_country_data_final.html.erb (Duration: 0.1ms | Allocations: 34)
  Rendered country_data_finals/_country_data_final.html.erb (Duration: 0.1ms | Allocations: 34)
  Rendered country_data_finals/_country_data_final.html.erb (Duration: 0.1ms | Allocations: 34)
  Rendered country_data_finals/_country_data_final.html.erb (Duration: 0.1ms | Allocations: 34)
  Rendered country_data_finals/_country_data_final.html.erb (Duration: 0.1ms | Allocations: 35)
  Rendered country_data_finals/_country_data_final.html.erb (Duration: 0.1ms | Allocations: 34)
  Rendered country_data_finals/_country_data_final.html.erb (Duration: 0.1ms | Allocations: 34)
  Rendered country_data_finals/_country_data_final.html.erb (Duration: 0.1ms | Allocations: 35)
  Rendered country_data_finals/_country_data_final.html.erb (Duration: 0.1ms | Allocations: 34)
  Rendered country_data_finals/_country_data_final.html.erb (Duration: 0.1ms | Allocations: 34)
  Rendered country_data_finals/_country_data_final.html.erb (Duration: 0.4ms | Allocations: 34)
  Rendered country_data_finals/_country_data_final.html.erb (Duration: 0.1ms | Allocations: 34)
  Rendered country_data_finals/_country_data_final.html.erb (Duration: 0.1ms | Allocations: 34)
  Rendered country_data_finals/_country_data_final.html.erb (Duration: 0.1ms | Allocations: 34)
  Rendered country_data_finals/_country_data_final.html.erb (Duration: 0.1ms | Allocations: 34)
  Rendered country_data_finals/_country_data_final.html.erb (Duration: 0.1ms | Allocations: 34)
  Rendered country_data_finals/_country_data_final.html.erb (Duration: 0.1ms | Allocations: 35)
  Rendered country_data_finals/_country_data_final.html.erb (Duration: 0.1ms | Allocations: 34)
  Rendered country_data_finals/_country_data_final.html.erb (Duration: 0.1ms | Allocations: 34)
  Rendered country_data_finals/_country_data_final.html.erb (Duration: 0.1ms | Allocations: 34)
  Rendered country_data_finals/_country_data_final.html.erb (Duration: 0.1ms | Allocations: 34)
  Rendered country_data_finals/_country_data_final.html.erb (Duration: 0.1ms | Allocations: 34)
  Rendered country_data_finals/_country_data_final.html.erb (Duration: 0.1ms | Allocations: 34)
  Rendered country_data_finals/index.html.erb within layouts/application (Duration: 61.1ms | Allocations: 12151)
  Rendered layout layouts/application.html.erb (Duration: 86.7ms | Allocations: 25506)
Completed 200 OK in 96ms (Views: 86.2ms | ActiveRecord: 7.3ms | Allocations: 27108)


Started GET "/" for 146.111.194.4 at 2023-12-19 18:51:48 +0000
Cannot render console from 146.111.194.4! Allowed networks: 127.0.0.0/127.255.255.255, ::1
Processing by CountryDataFinalsController#index as HTML
  Rendering layout layouts/application.html.erb
  Rendering country_data_finals/index.html.erb within layouts/application
  [1m[36mCountryDataFinal Load (0.2ms)[0m  [1m[34mSELECT "country_data_finals".* FROM "country_data_finals"[0m
  ↳ app/views/country_data_finals/index.html.erb:6
  Rendered country_data_finals/_country_data_final.html.erb (Duration: 0.1ms | Allocations: 35)
  Rendered country_data_finals/_country_data_final.html.erb (Duration: 0.1ms | Allocations: 34)
  Rendered country_data_finals/_country_data_final.html.erb (Duration: 0.1ms | Allocations: 34)
  Rendered country_data_finals/_country_data_final.html.erb (Duration: 0.1ms | Allocations: 34)
  Rendered country_data_finals/_country_data_final.html.erb (Duration: 0.6ms | Allocations: 34)
  Rendered country_data_finals/_country_data_final.html.erb (Duration: 0.1ms | Allocations: 34)
  Rendered country_data_finals/_country_data_final.html.erb (Duration: 0.1ms | Allocations: 35)
  Rendered country_data_finals/_country_data_final.html.erb (Duration: 0.7ms | Allocations: 34)
  Rendered country_data_finals/_country_data_final.html.erb (Duration: 0.1ms | Allocations: 34)
  Rendered country_data_finals/_country_data_final.html.erb (Duration: 0.1ms | Allocations: 34)
  Rendered country_data_finals/_country_data_final.html.erb (Duration: 0.1ms | Allocations: 34)
  Rendered country_data_finals/_country_data_final.html.erb (Duration: 0.1ms | Allocations: 34)
  Rendered country_data_finals/_country_data_final.html.erb (Duration: 0.1ms | Allocations: 34)
  Rendered country_data_finals/_country_data_final.html.erb (Duration: 0.1ms | Allocations: 34)
  Rendered country_data_finals/_country_data_final.html.erb (Duration: 0.1ms | Allocations: 34)
  Rendered country_data_finals/_country_data_final.html.erb (Duration: 0.1ms | Allocations: 34)
  Rendered country_data_finals/_country_data_final.html.erb (Duration: 0.1ms | Allocations: 34)
  Rendered country_data_finals/_country_data_final.html.erb (Duration: 0.1ms | Allocations: 34)
  Rendered country_data_finals/_country_data_final.html.erb (Duration: 0.1ms | Allocations: 34)
  Rendered country_data_finals/_country_data_final.html.erb (Duration: 0.1ms | Allocations: 34)
  Rendered country_data_finals/_country_data_final.html.erb (Duration: 0.1ms | Allocations: 34)
  Rendered country_data_finals/_country_data_final.html.erb (Duration: 0.1ms | Allocations: 34)
  Rendered country_data_finals/_country_data_final.html.erb (Duration: 0.1ms | Allocations: 34)
  Rendered country_data_finals/_country_data_final.html.erb (Duration: 0.1ms | Allocations: 34)
  Rendered country_data_finals/_country_data_final.html.erb (Duration: 0.1ms | Allocations: 35)
  Rendered country_data_finals/_country_data_final.html.erb (Duration: 0.1ms | Allocations: 34)
  Rendered country_data_finals/_country_data_final.html.erb (Duration: 0.1ms | Allocations: 34)
  Rendered country_data_finals/_country_data_final.html.erb (Duration: 0.1ms | Allocations: 35)
  Rendered country_data_finals/_country_data_final.html.erb (Duration: 0.1ms | Allocations: 34)
  Rendered country_data_finals/_country_data_final.html.erb (Duration: 0.1ms | Allocations: 34)
  Rendered country_data_finals/_country_data_final.html.erb (Duration: 0.1ms | Allocations: 34)
  Rendered country_data_finals/_country_data_final.html.erb (Duration: 0.1ms | Allocations: 34)
  Rendered country_data_finals/_country_data_final.html.erb (Duration: 0.1ms | Allocations: 34)
  Rendered country_data_finals/_country_data_final.html.erb (Duration: 0.1ms | Allocations: 34)
  Rendered country_data_finals/_country_data_final.html.erb (Duration: 0.1ms | Allocations: 34)
  Rendered country_data_finals/_country_data_final.html.erb (Duration: 0.1ms | Allocations: 34)
  Rendered country_data_finals/_country_data_final.html.erb (Duration: 0.1ms | Allocations: 35)
  Rendered country_data_finals/_country_data_final.html.erb (Duration: 0.1ms | Allocations: 34)
  Rendered country_data_finals/_country_data_final.html.erb (Duration: 0.1ms | Allocations: 34)
  Rendered country_data_finals/_country_data_final.html.erb (Duration: 0.1ms | Allocations: 34)
  Rendered country_data_finals/_country_data_final.html.erb (Duration: 0.1ms | Allocations: 34)
  Rendered country_data_finals/_country_data_final.html.erb (Duration: 0.1ms | Allocations: 34)
  Rendered country_data_finals/_country_data_final.html.erb (Duration: 0.1ms | Allocations: 34)
  Rendered country_data_finals/index.html.erb within layouts/application (Duration: 39.3ms | Allocations: 6643)
  Rendered layout layouts/application.html.erb (Duration: 42.7ms | Allocations: 8586)
Completed 200 OK in 49ms (Views: 48.0ms | ActiveRecord: 0.2ms | Allocations: 8842)


